46 13 4
???10???0???1
?????????1???
?????1???????
????0??1??1?0
0?????1????10
?????????????
0?0?1??0???0?
???0???01?0??
????????????0
0????1????00?
1??0?????????
??????????11?
??0??????????
????????001??
???1???????01
???1????0????
?????01??11??
???0?0???0???
??0????10???0
???1?????1??0
???????????0?
??1?????1????
10?1???0???1?
?0???0????00?
??1??????0???
11??????????1
????????1??1?
????????????1
?????1???????
???11????1???
1?0?11????0??
?0????1??0?01
?1??01?????00
???0?0????01?
??11?0????0??
11??0????????
?011?0??1?1??
1?0????0?????
??????????010
???1????0?1??
1??????????10
??????????1??
1??????????0?
?0?????1?1???
?01?0????????
?0???????????
